build/app/intermediates/manifest_merge_blame_file/debug/manifest-merger-blame-debug-report.txt
1<?xml version="1.0" encoding="utf-8"?>
2<manifest xmlns:android="http://schemas.android.com/apk/res/android"
3    package="com.example.barcodescanner"
4    android:versionCode="2"
5    android:versionName="1.0.0" >
6
7    <uses-sdk
8        android:minSdkVersion="21"
9        android:targetSdkVersion="35" />
10    <!--
11         The INTERNET permission is required for development. Specifically,
12         the Flutter tool needs it to communicate with the running application
13         to allow setting breakpoints, to provide hot reload, etc.
14    -->
15    <uses-permission android:name="android.permission.INTERNET" />
15-->src/debug/AndroidManifest.xml:6:5-66
15-->src/debug/AndroidManifest.xml:6:22-64
16    <!--
17     Required to query activities that can process text, see:
18         https://developer.android.com/training/package-visibility and
19         https://developer.android.com/reference/android/content/Intent#ACTION_PROCESS_TEXT.
20
21         In particular, this is used by the Flutter engine in io.flutter.plugin.text.ProcessTextPlugin.
22    -->
23    <queries>
23-->src/main/AndroidManifest.xml:39:5-44:15
24        <intent>
24-->src/main/AndroidManifest.xml:40:9-43:18
25            <action android:name="android.intent.action.PROCESS_TEXT" />
25-->src/main/AndroidManifest.xml:41:13-72
25-->src/main/AndroidManifest.xml:41:21-70
26
27            <data android:mimeType="text/plain" />
27-->src/main/AndroidManifest.xml:42:13-50
27-->src/main/AndroidManifest.xml:42:19-48
28        </intent>
29    </queries>
30
31    <uses-permission android:name="android.permission.CAMERA" />
31-->[:camera_android] AndroidManifest.xml:7:5-65
31-->[:camera_android] AndroidManifest.xml:7:22-62
32    <uses-permission android:name="android.permission.RECORD_AUDIO" />
32-->[:camera_android] AndroidManifest.xml:8:5-71
32-->[:camera_android] AndroidManifest.xml:8:22-68
33    <uses-permission android:name="android.permission.VIBRATE" />
33-->[com.dynamsoft:dynamsoftcameraenhancer:4.2.22] AndroidManifest.xml:9:5-66
33-->[com.dynamsoft:dynamsoftcameraenhancer:4.2.22] AndroidManifest.xml:9:22-63
34
35    <permission
35-->[androidx.core:core:1.13.1] AndroidManifest.xml:22:5-24:47
36        android:name="com.example.barcodescanner.DYNAMIC_RECEIVER_NOT_EXPORTED_PERMISSION"
36-->[androidx.core:core:1.13.1] AndroidManifest.xml:23:9-81
37        android:protectionLevel="signature" />
37-->[androidx.core:core:1.13.1] AndroidManifest.xml:24:9-44
38
39    <uses-permission android:name="com.example.barcodescanner.DYNAMIC_RECEIVER_NOT_EXPORTED_PERMISSION" />
39-->[androidx.core:core:1.13.1] AndroidManifest.xml:26:5-97
39-->[androidx.core:core:1.13.1] AndroidManifest.xml:26:22-94
40
41    <application
42        android:name="android.app.Application"
43        android:appComponentFactory="androidx.core.app.CoreComponentFactory"
43-->[androidx.core:core:1.13.1] AndroidManifest.xml:28:18-86
44        android:debuggable="true"
45        android:extractNativeLibs="true"
46        android:icon="@mipmap/ic_launcher"
47        android:label="barcodescanner" >
48        <activity
49            android:name="com.example.barcodescanner.MainActivity"
50            android:configChanges="orientation|keyboardHidden|keyboard|screenSize|smallestScreenSize|locale|layoutDirection|fontScale|screenLayout|density|uiMode"
51            android:exported="true"
52            android:hardwareAccelerated="true"
53            android:launchMode="singleTop"
54            android:taskAffinity=""
55            android:theme="@style/LaunchTheme"
56            android:windowSoftInputMode="adjustResize" >
57
58            <!--
59                 Specifies an Android theme to apply to this Activity as soon as
60                 the Android process has started. This theme is visible to the user
61                 while the Flutter UI initializes. After that, this theme continues
62                 to determine the Window background behind the Flutter UI.
63            -->
64            <meta-data
65                android:name="io.flutter.embedding.android.NormalTheme"
66                android:resource="@style/NormalTheme" />
67
68            <intent-filter>
69                <action android:name="android.intent.action.MAIN" />
70
71                <category android:name="android.intent.category.LAUNCHER" />
72            </intent-filter>
73        </activity>
74        <!--
75             Don't delete the meta-data below.
76             This is used by the Flutter tool to generate GeneratedPluginRegistrant.java
77        -->
78        <meta-data
79            android:name="flutterEmbedding"
80            android:value="2" />
81
82        <provider
82-->[:image_picker_android] AndroidManifest.xml:9:9-17:20
83            android:name="io.flutter.plugins.imagepicker.ImagePickerFileProvider"
83-->[:image_picker_android] AndroidManifest.xml:10:13-82
84            android:authorities="com.example.barcodescanner.flutter.image_provider"
84-->[:image_picker_android] AndroidManifest.xml:11:13-74
85            android:exported="false"
85-->[:image_picker_android] AndroidManifest.xml:12:13-37
86            android:grantUriPermissions="true" >
86-->[:image_picker_android] AndroidManifest.xml:13:13-47
87            <meta-data
87-->[:image_picker_android] AndroidManifest.xml:14:13-16:75
88                android:name="android.support.FILE_PROVIDER_PATHS"
88-->[:image_picker_android] AndroidManifest.xml:15:17-67
89                android:resource="@xml/flutter_image_picker_file_paths" />
89-->[:image_picker_android] AndroidManifest.xml:16:17-72
90        </provider> <!-- Trigger Google Play services to install the backported photo picker module. -->
91        <service
91-->[:image_picker_android] AndroidManifest.xml:19:9-31:19
92            android:name="com.google.android.gms.metadata.ModuleDependencies"
92-->[:image_picker_android] AndroidManifest.xml:20:13-78
93            android:enabled="false"
93-->[:image_picker_android] AndroidManifest.xml:21:13-36
94            android:exported="false" >
94-->[:image_picker_android] AndroidManifest.xml:22:13-37
95            <intent-filter>
95-->[:image_picker_android] AndroidManifest.xml:24:13-26:29
96                <action android:name="com.google.android.gms.metadata.MODULE_DEPENDENCIES" />
96-->[:image_picker_android] AndroidManifest.xml:25:17-94
96-->[:image_picker_android] AndroidManifest.xml:25:25-91
97            </intent-filter>
98
99            <meta-data
99-->[:image_picker_android] AndroidManifest.xml:28:13-30:36
100                android:name="photopicker_activity:0:required"
100-->[:image_picker_android] AndroidManifest.xml:29:17-63
101                android:value="" />
101-->[:image_picker_android] AndroidManifest.xml:30:17-33
102        </service>
103        <!--
104           Declares a provider which allows us to store files to share in
105           '.../caches/share_plus' and grant the receiving action access
106        -->
107        <provider
107-->[:share_plus] AndroidManifest.xml:13:9-21:20
108            android:name="dev.fluttercommunity.plus.share.ShareFileProvider"
108-->[:share_plus] AndroidManifest.xml:14:13-77
109            android:authorities="com.example.barcodescanner.flutter.share_provider"
109-->[:share_plus] AndroidManifest.xml:15:13-74
110            android:exported="false"
110-->[:share_plus] AndroidManifest.xml:16:13-37
111            android:grantUriPermissions="true" >
111-->[:share_plus] AndroidManifest.xml:17:13-47
112            <meta-data
112-->[:image_picker_android] AndroidManifest.xml:14:13-16:75
113                android:name="android.support.FILE_PROVIDER_PATHS"
113-->[:image_picker_android] AndroidManifest.xml:15:17-67
114                android:resource="@xml/flutter_share_file_paths" />
114-->[:image_picker_android] AndroidManifest.xml:16:17-72
115        </provider>
116        <!--
117           This manifest declared broadcast receiver allows us to use an explicit
118           Intent when creating a PendingItent to be informed of the user's choice
119        -->
120        <receiver
120-->[:share_plus] AndroidManifest.xml:26:9-32:20
121            android:name="dev.fluttercommunity.plus.share.SharePlusPendingIntent"
121-->[:share_plus] AndroidManifest.xml:27:13-82
122            android:exported="false" >
122-->[:share_plus] AndroidManifest.xml:28:13-37
123            <intent-filter>
123-->[:share_plus] AndroidManifest.xml:29:13-31:29
124                <action android:name="EXTRA_CHOSEN_COMPONENT" />
124-->[:share_plus] AndroidManifest.xml:30:17-65
124-->[:share_plus] AndroidManifest.xml:30:25-62
125            </intent-filter>
126        </receiver>
127
128        <activity
128-->[:url_launcher_android] AndroidManifest.xml:8:9-11:74
129            android:name="io.flutter.plugins.urllauncher.WebViewActivity"
129-->[:url_launcher_android] AndroidManifest.xml:9:13-74
130            android:exported="false"
130-->[:url_launcher_android] AndroidManifest.xml:10:13-37
131            android:theme="@android:style/Theme.NoTitleBar.Fullscreen" />
131-->[:url_launcher_android] AndroidManifest.xml:11:13-71
132        <activity
132-->[com.dynamsoft:dynamsoftbarcodereaderbundle:10.4.3000] AndroidManifest.xml:9:9-12:75
133            android:name="com.dynamsoft.dbrbundle.ui.BarcodeScannerActivity"
133-->[com.dynamsoft:dynamsoftbarcodereaderbundle:10.4.3000] AndroidManifest.xml:10:13-77
134            android:screenOrientation="portrait"
134-->[com.dynamsoft:dynamsoftbarcodereaderbundle:10.4.3000] AndroidManifest.xml:11:13-49
135            android:theme="@style/Theme.AppCompat.DayNight.NoActionBar" />
135-->[com.dynamsoft:dynamsoftbarcodereaderbundle:10.4.3000] AndroidManifest.xml:12:13-72
136
137        <meta-data
137-->[com.dynamsoft:dynamsoftcameraenhancer:4.2.22] AndroidManifest.xml:12:9-14:38
138            android:name="dynamsoft-camera-enhancer-version"
138-->[com.dynamsoft:dynamsoftcameraenhancer:4.2.22] AndroidManifest.xml:13:13-61
139            android:value="4.2.22" />
139-->[com.dynamsoft:dynamsoftcameraenhancer:4.2.22] AndroidManifest.xml:14:13-35
140
141        <service
141-->[androidx.camera:camera-camera2:1.1.0] AndroidManifest.xml:26:9-35:19
142            android:name="androidx.camera.core.impl.MetadataHolderService"
142-->[androidx.camera:camera-camera2:1.1.0] AndroidManifest.xml:27:13-75
143            android:enabled="false"
143-->[androidx.camera:camera-camera2:1.1.0] AndroidManifest.xml:28:13-36
144            android:exported="false" >
144-->[androidx.camera:camera-camera2:1.1.0] AndroidManifest.xml:29:13-37
145            <meta-data
145-->[androidx.camera:camera-camera2:1.1.0] AndroidManifest.xml:32:13-34:89
146                android:name="androidx.camera.core.impl.MetadataHolderService.DEFAULT_CONFIG_PROVIDER"
146-->[androidx.camera:camera-camera2:1.1.0] AndroidManifest.xml:33:17-103
147                android:value="androidx.camera.camera2.Camera2Config$DefaultProvider" />
147-->[androidx.camera:camera-camera2:1.1.0] AndroidManifest.xml:34:17-86
148        </service>
149
150        <uses-library
150-->[androidx.window:window:1.2.0] AndroidManifest.xml:23:9-25:40
151            android:name="androidx.window.extensions"
151-->[androidx.window:window:1.2.0] AndroidManifest.xml:24:13-54
152            android:required="false" />
152-->[androidx.window:window:1.2.0] AndroidManifest.xml:25:13-37
153        <uses-library
153-->[androidx.window:window:1.2.0] AndroidManifest.xml:26:9-28:40
154            android:name="androidx.window.sidecar"
154-->[androidx.window:window:1.2.0] AndroidManifest.xml:27:13-51
155            android:required="false" />
155-->[androidx.window:window:1.2.0] AndroidManifest.xml:28:13-37
156
157        <provider
157-->[androidx.emoji2:emoji2:1.2.0] AndroidManifest.xml:24:9-32:20
158            android:name="androidx.startup.InitializationProvider"
158-->[androidx.emoji2:emoji2:1.2.0] AndroidManifest.xml:25:13-67
159            android:authorities="com.example.barcodescanner.androidx-startup"
159-->[androidx.emoji2:emoji2:1.2.0] AndroidManifest.xml:26:13-68
160            android:exported="false" >
160-->[androidx.emoji2:emoji2:1.2.0] AndroidManifest.xml:27:13-37
161            <meta-data
161-->[androidx.emoji2:emoji2:1.2.0] AndroidManifest.xml:29:13-31:52
162                android:name="androidx.emoji2.text.EmojiCompatInitializer"
162-->[androidx.emoji2:emoji2:1.2.0] AndroidManifest.xml:30:17-75
163                android:value="androidx.startup" />
163-->[androidx.emoji2:emoji2:1.2.0] AndroidManifest.xml:31:17-49
164            <meta-data
164-->[androidx.lifecycle:lifecycle-process:2.7.0] AndroidManifest.xml:29:13-31:52
165                android:name="androidx.lifecycle.ProcessLifecycleInitializer"
165-->[androidx.lifecycle:lifecycle-process:2.7.0] AndroidManifest.xml:30:17-78
166                android:value="androidx.startup" />
166-->[androidx.lifecycle:lifecycle-process:2.7.0] AndroidManifest.xml:31:17-49
167            <meta-data
167-->[androidx.profileinstaller:profileinstaller:1.3.1] AndroidManifest.xml:29:13-31:52
168                android:name="androidx.profileinstaller.ProfileInstallerInitializer"
168-->[androidx.profileinstaller:profileinstaller:1.3.1] AndroidManifest.xml:30:17-85
169                android:value="androidx.startup" />
169-->[androidx.profileinstaller:profileinstaller:1.3.1] AndroidManifest.xml:31:17-49
170        </provider>
171
172        <receiver
172-->[androidx.profileinstaller:profileinstaller:1.3.1] AndroidManifest.xml:34:9-52:20
173            android:name="androidx.profileinstaller.ProfileInstallReceiver"
173-->[androidx.profileinstaller:profileinstaller:1.3.1] AndroidManifest.xml:35:13-76
174            android:directBootAware="false"
174-->[androidx.profileinstaller:profileinstaller:1.3.1] AndroidManifest.xml:36:13-44
175            android:enabled="true"
175-->[androidx.profileinstaller:profileinstaller:1.3.1] AndroidManifest.xml:37:13-35
176            android:exported="true"
176-->[androidx.profileinstaller:profileinstaller:1.3.1] AndroidManifest.xml:38:13-36
177            android:permission="android.permission.DUMP" >
177-->[androidx.profileinstaller:profileinstaller:1.3.1] AndroidManifest.xml:39:13-57
178            <intent-filter>
178-->[androidx.profileinstaller:profileinstaller:1.3.1] AndroidManifest.xml:40:13-42:29
179                <action android:name="androidx.profileinstaller.action.INSTALL_PROFILE" />
179-->[androidx.profileinstaller:profileinstaller:1.3.1] AndroidManifest.xml:41:17-91
179-->[androidx.profileinstaller:profileinstaller:1.3.1] AndroidManifest.xml:41:25-88
180            </intent-filter>
181            <intent-filter>
181-->[androidx.profileinstaller:profileinstaller:1.3.1] AndroidManifest.xml:43:13-45:29
182                <action android:name="androidx.profileinstaller.action.SKIP_FILE" />
182-->[androidx.profileinstaller:profileinstaller:1.3.1] AndroidManifest.xml:44:17-85
182-->[androidx.profileinstaller:profileinstaller:1.3.1] AndroidManifest.xml:44:25-82
183            </intent-filter>
184            <intent-filter>
184-->[androidx.profileinstaller:profileinstaller:1.3.1] AndroidManifest.xml:46:13-48:29
185                <action android:name="androidx.profileinstaller.action.SAVE_PROFILE" />
185-->[androidx.profileinstaller:profileinstaller:1.3.1] AndroidManifest.xml:47:17-88
185-->[androidx.profileinstaller:profileinstaller:1.3.1] AndroidManifest.xml:47:25-85
186            </intent-filter>
187            <intent-filter>
187-->[androidx.profileinstaller:profileinstaller:1.3.1] AndroidManifest.xml:49:13-51:29
188                <action android:name="androidx.profileinstaller.action.BENCHMARK_OPERATION" />
188-->[androidx.profileinstaller:profileinstaller:1.3.1] AndroidManifest.xml:50:17-95
188-->[androidx.profileinstaller:profileinstaller:1.3.1] AndroidManifest.xml:50:25-92
189            </intent-filter>
190        </receiver>
191
192        <meta-data
192-->[com.dynamsoft:dynamsoftlicense:3.4.40] AndroidManifest.xml:10:9-12:38
193            android:name="dynamsoft-license-version"
193-->[com.dynamsoft:dynamsoftlicense:3.4.40] AndroidManifest.xml:11:13-53
194            android:value="3.4.40" />
194-->[com.dynamsoft:dynamsoftlicense:3.4.40] AndroidManifest.xml:12:13-35
195        <meta-data
195-->[com.dynamsoft:dynamsoftcore:3.4.30] AndroidManifest.xml:8:9-10:38
196            android:name="dynamsoft-core-version"
196-->[com.dynamsoft:dynamsoftcore:3.4.30] AndroidManifest.xml:9:13-50
197            android:value="3.4.30" />
197-->[com.dynamsoft:dynamsoftcore:3.4.30] AndroidManifest.xml:10:13-35
198        <meta-data
198-->[com.dynamsoft:dynamsoftcapturevisionrouter:2.4.30] AndroidManifest.xml:10:9-12:38
199            android:name="dynamsoft-capture-vision-router-version"
199-->[com.dynamsoft:dynamsoftcapturevisionrouter:2.4.30] AndroidManifest.xml:11:13-67
200            android:value="2.4.30" />
200-->[com.dynamsoft:dynamsoftcapturevisionrouter:2.4.30] AndroidManifest.xml:12:13-35
201        <meta-data
201-->[com.dynamsoft:dynamsoftbarcodereader:10.4.30] AndroidManifest.xml:10:9-12:39
202            android:name="dynamsoft-barcode-reader-versoin"
202-->[com.dynamsoft:dynamsoftbarcodereader:10.4.30] AndroidManifest.xml:11:13-60
203            android:value="10.4.30" />
203-->[com.dynamsoft:dynamsoftbarcodereader:10.4.30] AndroidManifest.xml:12:13-36
204        <meta-data
204-->[com.dynamsoft:dynamsoftimageprocessing:2.4.31] AndroidManifest.xml:8:9-10:38
205            android:name="dynamsoft-image-processing-version"
205-->[com.dynamsoft:dynamsoftimageprocessing:2.4.31] AndroidManifest.xml:9:13-62
206            android:value="2.4.31" />
206-->[com.dynamsoft:dynamsoftimageprocessing:2.4.31] AndroidManifest.xml:10:13-35
207        <meta-data
207-->[com.dynamsoft:dynamsoftutility:1.4.30] AndroidManifest.xml:8:9-10:38
208            android:name="dynamsoft-utility-version"
208-->[com.dynamsoft:dynamsoftutility:1.4.30] AndroidManifest.xml:9:13-53
209            android:value="1.4.30" />
209-->[com.dynamsoft:dynamsoftutility:1.4.30] AndroidManifest.xml:10:13-35
210    </application>
211
212</manifest>